C51 COMPILER V9.60.0.0   ASLC                                                              12/09/2020 13:53:15 PAGE 1   


C51 COMPILER V9.60.0.0, COMPILATION OF MODULE ASLC
OBJECT MODULE PLACED IN .\Objects\aslc.obj
COMPILER INVOKED BY: S:\Keil\Installation\C51\BIN\C51.EXE aslc.c OPTIMIZE(8,SPEED) BROWSE DEBUG OBJECTEXTEND PRINT(.\Lis
                    -tings\aslc.lst) TABS(2) OBJECT(.\Objects\aslc.obj)

line level    source

   1          #include<reg51.h>
   2          sbit sensor1 = P1^0;
   3          sbit sensor2 = P1^1;
   4          sbit sensor3 = P1^2;
   5          
   6          sbit load1 = P2^0;
   7          sbit load2 = P2^1;
   8          sbit load3 = P2^2;
   9          
  10          sbit ldr = P1^7;
  11          sbit ldrout = P2^3;
  12          
  13          void main(){
  14   1        load1 = load2 = load3 = 0;
  15   1        sensor1 = sensor2 = sensor3 = 0;
  16   1        ldr = ldrout = 0;
  17   1        while(1){
  18   2          
  19   2          if(ldr == 0){ // No Light means Night time
  20   3            ldrout = 1; // during night time green led turns on just for indication
  21   3            
  22   3            if(sensor1 == 0 && sensor2 == 0 && sensor3 == 0){
  23   4            load1 = load2 = load3 = 0;
  24   4          }
  25   3          if(sensor1 == 1){
  26   4            load1 = 1;
  27   4          }
  28   3          
  29   3          if(sensor2 == 1){
  30   4            load2 = 1;
  31   4          }
  32   3          
  33   3          if(sensor3 == 1){
  34   4            load3 = 1;
  35   4          }
  36   3          if(sensor1 == 0){
  37   4            load1 = 0;
  38   4          }
  39   3          
  40   3          if(sensor2 == 0){
  41   4            load2 = 0;
  42   4          }
  43   3          
  44   3          if(sensor3 == 0){
  45   4            load3 = 0;
  46   4          }
  47   3          }
  48   2          else{  // there is a light 
  49   3            ldrout = 0;
  50   3            load1 = load2 = load3 = 0;
  51   3          }
  52   2          
  53   2      }
  54   1      }
C51 COMPILER V9.60.0.0   ASLC                                                              12/09/2020 13:53:15 PAGE 2   



MODULE INFORMATION:   STATIC OVERLAYABLE
   CODE SIZE        =     78    ----
   CONSTANT SIZE    =   ----    ----
   XDATA SIZE       =   ----    ----
   PDATA SIZE       =   ----    ----
   DATA SIZE        =   ----    ----
   IDATA SIZE       =   ----    ----
   BIT SIZE         =   ----    ----
END OF MODULE INFORMATION.


C51 COMPILATION COMPLETE.  0 WARNING(S),  0 ERROR(S)
